0 info it worked if it ends with ok
1 verbose cli [ 'c:\\Program Files\\nodejs\\node.exe',
1 verbose cli   'c:\\Program Files\\nodejs\\node_modules\\npm\\bin\\npm-cli.js',
1 verbose cli   'install',
1 verbose cli   'child_process' ]
2 info using npm@1.1.63
3 info using node@v0.8.12
4 verbose read json f:\Users\edorsey\Desktop\Limitless Clients\homedash\package.json
5 verbose read json f:\Users\edorsey\Desktop\Limitless Clients\homedash\node_modules\express\package.json
6 verbose read json f:\Users\edorsey\Desktop\Limitless Clients\homedash\package.json
7 verbose cache add [ 'child_process', null ]
8 silly cache add name=undefined spec="child_process" args=["child_process",null]
9 verbose parsed url { pathname: 'child_process',
9 verbose parsed url   path: 'child_process',
9 verbose parsed url   href: 'child_process' }
10 silly lockFile 4845fa97-child-process child_process
11 verbose lock child_process C:\Users\Eric\AppData\Roaming\npm-cache\4845fa97-child-process.lock
12 silly lockFile 4845fa97-child-process child_process
13 verbose addNamed [ 'child_process', '' ]
14 verbose addNamed [ null, '' ]
15 silly lockFile 512a7ef6-child-process child_process@
16 verbose lock child_process@ C:\Users\Eric\AppData\Roaming\npm-cache\512a7ef6-child-process.lock
17 silly addNameRange { name: 'child_process', range: '', hasData: false }
18 verbose url raw child_process
19 verbose url resolving [ 'https://registry.npmjs.org/', './child_process' ]
20 verbose url resolved https://registry.npmjs.org/child_process
21 info trying registry request attempt 1 at 20:51:15
22 http GET https://registry.npmjs.org/child_process
23 http 404 https://registry.npmjs.org/child_process
24 silly registry.get cb [ 404,
24 silly registry.get   { server: 'CouchDB/1.2.1 (Erlang OTP/R15B)',
24 silly registry.get     date: 'Mon, 11 Feb 2013 02:49:24 GMT',
24 silly registry.get     'content-type': 'application/json',
24 silly registry.get     'content-length': '52',
24 silly registry.get     'cache-control': 'must-revalidate' } ]
25 silly lockFile 512a7ef6-child-process child_process@
26 error 404 'child_process' is not in the npm registry.
26 error 404 You should bug the author to publish it
26 error 404
26 error 404 Note that you can also install from a
26 error 404 tarball, folder, or http url, or git url.
27 error System Windows_NT 6.2.9200
28 error command "c:\\Program Files\\nodejs\\node.exe" "c:\\Program Files\\nodejs\\node_modules\\npm\\bin\\npm-cli.js" "install" "child_process"
29 error cwd f:\Users\edorsey\Desktop\Limitless Clients\homedash
30 error node -v v0.8.12
31 error npm -v 1.1.63
32 error code E404
33 verbose exit [ 1, true ]
